<?xml version="1.0" encoding="UTF-8"?>
<!-- Generated by org.testng.reporters.JUnitReportReporter -->
<testsuite hostname="DESKTOP-5CPAH1B" failures="0" tests="1" name="com.testscenarios.AlertHandle" time="23.769" errors="0" timestamp="2022-04-29T22:04:39 CDT" skipped="0">
  <testcase classname="com.testscenarios.AlertHandle" name="f" time="23.769"/>
  <system-out/>
</testsuite> <!-- com.testscenarios.AlertHandle -->
