<?xml version="1.0" encoding="UTF-8"?>
<!-- Generated by org.testng.reporters.JUnitReportReporter -->
<testsuite hostname="DESKTOP-5CPAH1B" failures="0" tests="1" name="com.testscenarios.JRI_NAvigation" time="23.411" errors="0" timestamp="2022-05-02T22:44:06 CDT" skipped="0">
  <testcase classname="com.testscenarios.JRI_NAvigation" name="f" time="23.411"/>
  <system-out/>
</testsuite> <!-- com.testscenarios.JRI_NAvigation -->
