<?xml version="1.0" encoding="UTF-8"?>
<!-- Generated by org.testng.reporters.JUnitReportReporter -->
<testsuite hostname="DESKTOP-5CPAH1B" failures="0" tests="1" name="com.testscenarios.AlertAssignment" time="21.148" errors="0" timestamp="2022-05-02T21:51:40 CDT" skipped="0">
  <testcase classname="com.testscenarios.AlertAssignment" name="f" time="21.148"/>
  <system-out/>
</testsuite> <!-- com.testscenarios.AlertAssignment -->
