<?xml version="1.0" encoding="UTF-8"?>
<!-- Generated by org.testng.reporters.JUnitReportReporter -->
<testsuite hostname="DESKTOP-5CPAH1B" failures="0" tests="1" name="com.testscenarios.DropdownTestNg" time="18.443" errors="0" timestamp="2022-04-29T21:47:53 CDT" skipped="0">
  <testcase classname="com.testscenarios.DropdownTestNg" name="f" time="18.443"/>
  <system-out/>
</testsuite> <!-- com.testscenarios.DropdownTestNg -->
