<?xml version="1.0" encoding="UTF-8"?>
<!-- Generated by org.testng.reporters.JUnitReportReporter -->
<testsuite hostname="DESKTOP-5CPAH1B" failures="0" tests="1" name="com.testscenarios.NewTest" time="0.071" errors="0" timestamp="2022-04-29T22:14:23 CDT" skipped="0">
  <testcase classname="com.testscenarios.NewTest" name="f" time="0.071"/>
  <system-out/>
</testsuite> <!-- com.testscenarios.NewTest -->
