<?xml version="1.0" encoding="UTF-8"?>
<!-- Generated by org.testng.reporters.JUnitReportReporter -->
<testsuite hostname="DESKTOP-5CPAH1B" failures="0" tests="1" name="com.testscenarios.GetAllTheErrorMessages" time="19.306" errors="0" timestamp="2022-04-29T22:24:51 CDT" skipped="0">
  <testcase classname="com.testscenarios.GetAllTheErrorMessages" name="f" time="19.306"/>
  <system-out/>
</testsuite> <!-- com.testscenarios.GetAllTheErrorMessages -->
