<?xml version="1.0" encoding="UTF-8"?>
<!-- Generated by org.testng.reporters.JUnitReportReporter -->
<testsuite hostname="DESKTOP-5CPAH1B" failures="0" tests="1" name="com.testscenarios.GetTextSampe" time="9.987" errors="0" timestamp="2022-04-29T22:10:19 CDT" skipped="0">
  <testcase classname="com.testscenarios.GetTextSampe" name="f" time="9.987"/>
  <system-out/>
</testsuite> <!-- com.testscenarios.GetTextSampe -->
